<?xml version="1.0" encoding="UTF-8" ?>
<testsuite tests="5" failures="0" name="com.teladoc.assessment.StringSumTest" time="0.022" errors="0" skipped="0">
  <properties>
[...]
</properties>
  <testcase classname="com.teladoc.assessment.StringSumTest" name="com.teladoc.assessment.StringSumTest.testAddStringsWithInputsWithDecimals" time="0.022"/>
  <testcase classname="com.teladoc.assessment.StringSumTest" name="com.teladoc.assessment.StringSumTest.testAddValidStringsVeryLargeNumbers" time="0"/>
  <testcase classname="com.teladoc.assessment.StringSumTest" name="com.teladoc.assessment.StringSumTest.testAddStringsWithInvalidInput2" time="0"/>
  <testcase classname="com.teladoc.assessment.StringSumTest" name="com.teladoc.assessment.StringSumTest.testAddValidStrings" time="0"/>
  <testcase classname="com.teladoc.assessment.StringSumTest" name="com.teladoc.assessment.StringSumTest.testAddStringsWithInvalidInput1" time="0"/>
</testsuite>